<?xml version="1.0" encoding="UTF-8"?>
<!-- Generated by org.testng.reporters.JUnitXMLReporter -->
<testsuite ignored="0" hostname="LAPTOP-C5DAGOUH" failures="1" tests="1" name="Test" time="0.998" errors="0" timestamp="2023-01-04T18:56:36 IST">
  <testcase classname="io.cucumber.testng.AbstractTestNGCucumberTests" name="runScenario" time="0.233">
    <failure type="java.lang.NullPointerException" message="Cannot invoke &amp;quot;org.openqa.selenium.WebDriver.get(String)&amp;quot; because &amp;quot;utilitis.SeleniumDriver.driver&amp;quot; is null">
      <![CDATA[java.lang.NullPointerException: Cannot invoke "org.openqa.selenium.WebDriver.get(String)" because "utilitis.SeleniumDriver.driver" is null
at utilitis.SeleniumDriver.openPage(SeleniumDriver.java:42)
at steps.stepDefination.on_home_page_of_cars_guide(stepDefination.java:21)
at ✽.On Home page of CarsGuide "https://www.carsguide.com.au/"(file:///C:/Eclipse/JavaTut/CucumberProjectObject/src/test/resources/features/SearchCar.feature:8)
]]>
    </failure>
  </testcase> <!-- runScenario -->
</testsuite> <!-- Test -->
