<?xml version="1.0" encoding="UTF-8"?>
<testng-results ignored="0" total="1" passed="1" failed="0" skipped="0">
  <reporter-output>
  </reporter-output>
  <suite started-at="2023-01-08T17:23:45 IST" name="Default suite" finished-at="2023-01-08T17:24:01 IST" duration-ms="15955">
    <groups>
      <group name="cucumber">
        <method signature="AbstractTestNGCucumberTests.runScenario(io.cucumber.testng.PickleWrapper,io.cucumber.testng.FeatureWrapper)[pri:0, instance:runner.runCuke@750e2b97]" name="runScenario" class="io.cucumber.testng.AbstractTestNGCucumberTests"/>
      </group> <!-- cucumber -->
    </groups>
    <test started-at="2023-01-08T17:23:45 IST" name="Default test" finished-at="2023-01-08T17:24:01 IST" duration-ms="15955">
      <class name="runner.runCuke">
        <test-method is-config="true" signature="setUpClass(org.testng.ITestContext)[pri:0, instance:runner.runCuke@750e2b97]" started-at="2023-01-08T17:23:45 IST" name="setUpClass" finished-at="2023-01-08T17:23:45 IST" duration-ms="667" status="PASS">
          <params>
            <param index="0">
              <value>
                <![CDATA[org.testng.TestRunner@2c63762b]]>
              </value>
            </param>
          </params>
          <reporter-output>
          </reporter-output>
        </test-method> <!-- setUpClass -->
        <test-method signature="runScenario(io.cucumber.testng.PickleWrapper,io.cucumber.testng.FeatureWrapper)[pri:0, instance:runner.runCuke@750e2b97]" started-at="2023-01-08T17:23:45 IST" name="runScenario" description="Runs Cucumber Scenarios" data-provider="scenarios" finished-at="2023-01-08T17:24:00 IST" duration-ms="15174" status="PASS">
          <params>
            <param index="0">
              <value>
                <![CDATA["Testing funcationality of Amazon page"]]>
              </value>
            </param>
            <param index="1">
              <value>
                <![CDATA["Amazon page funcationality"]]>
              </value>
            </param>
          </params>
          <reporter-output>
          </reporter-output>
        </test-method> <!-- runScenario -->
        <test-method is-config="true" signature="tearDownClass()[pri:0, instance:runner.runCuke@750e2b97]" started-at="2023-01-08T17:24:00 IST" name="tearDownClass" finished-at="2023-01-08T17:24:01 IST" duration-ms="42" status="PASS">
          <reporter-output>
          </reporter-output>
        </test-method> <!-- tearDownClass -->
      </class> <!-- runner.runCuke -->
    </test> <!-- Default test -->
  </suite> <!-- Default suite -->
</testng-results>
